  Main.cpp
F:\Other\Games\VS compilied\Barley-break\Barley-break\Main.cpp(147,44): warning C4018: <: несоответствие типов со знаком и без знака
F:\Other\Games\VS compilied\Barley-break\Barley-break\Main.cpp(160,93): warning C4244: аргумент: преобразование "int" в "float", возможна потеря данных
F:\Other\Games\VS compilied\Barley-break\Barley-break\Main.cpp(160,65): warning C4244: аргумент: преобразование "int" в "float", возможна потеря данных
F:\Other\Games\VS compilied\Barley-break\Barley-break\Main.cpp(177,27): warning C4018: <: несоответствие типов со знаком и без знака
F:\Other\Games\VS compilied\Barley-break\Barley-break\Main.cpp(183,27): warning C4018: <: несоответствие типов со знаком и без знака
F:\Other\Games\VS compilied\Barley-break\Barley-break\Main.cpp(184,31): warning C4018: <: несоответствие типов со знаком и без знака
F:\Other\Games\VS compilied\Barley-break\Barley-break\Main.cpp(186,80): warning C4244: аргумент: преобразование "double" в "T", возможна потеря данных
          with
          [
              T=float
          ]
F:\Other\Games\VS compilied\Barley-break\Barley-break\Main.cpp(186,56): warning C4244: аргумент: преобразование "double" в "T", возможна потеря данных
          with
          [
              T=float
          ]
F:\Other\Games\VS compilied\Barley-break\Barley-break\Main.cpp(188,215): warning C4244: аргумент: преобразование "_Ty" в "T", возможна потеря данных
          with
          [
              _Ty=float
          ]
          and
          [
              T=int
          ]
F:\Other\Games\VS compilied\Barley-break\Barley-break\Main.cpp(188,173): warning C4244: аргумент: преобразование "_Ty" в "T", возможна потеря данных
          with
          [
              _Ty=float
          ]
          and
          [
              T=int
          ]
F:\Other\Games\VS compilied\Barley-break\Barley-break\Main.cpp(188,131): warning C4244: аргумент: преобразование "_Ty" в "T", возможна потеря данных
          with
          [
              _Ty=float
          ]
          and
          [
              T=int
          ]
F:\Other\Games\VS compilied\Barley-break\Barley-break\Main.cpp(188,81): warning C4244: аргумент: преобразование "_Ty" в "T", возможна потеря данных
          with
          [
              _Ty=float
          ]
          and
          [
              T=int
          ]
F:\Other\Games\VS compilied\Barley-break\Barley-break\Main.cpp(203,35): warning C4018: <: несоответствие типов со знаком и без знака
F:\Other\Games\VS compilied\Barley-break\Barley-break\Main.cpp(204,39): warning C4018: <: несоответствие типов со знаком и без знака
F:\Other\Games\VS compilied\Barley-break\Barley-break\Main.cpp(207,80): warning C4838: Преобразование из "const T" в "int" требует сужающего преобразования.
          with
          [
              T=float
          ]
F:\Other\Games\VS compilied\Barley-break\Barley-break\Main.cpp(207,80): warning C4244: инициализация: преобразование "const T" в "int", возможна потеря данных
          with
          [
              T=float
          ]
F:\Other\Games\VS compilied\Barley-break\Barley-break\Main.cpp(207,118): warning C4838: Преобразование из "const T" в "int" требует сужающего преобразования.
          with
          [
              T=float
          ]
F:\Other\Games\VS compilied\Barley-break\Barley-break\Main.cpp(207,118): warning C4244: инициализация: преобразование "const T" в "int", возможна потеря данных
          with
          [
              T=float
          ]
F:\Other\Games\VS compilied\Barley-break\Barley-break\Main.cpp(221,27): warning C4018: <: несоответствие типов со знаком и без знака
F:\Other\Games\VS compilied\Barley-break\Barley-break\Main.cpp(223,58): warning C4838: Преобразование из "T" в "float" требует сужающего преобразования.
          with
          [
              T=unsigned int
          ]
F:\Other\Games\VS compilied\Barley-break\Barley-break\Main.cpp(223,58): warning C4244: инициализация: преобразование "T" в "float", возможна потеря данных
          with
          [
              T=unsigned int
          ]
F:\Other\Games\VS compilied\Barley-break\Barley-break\Main.cpp(223,113): warning C4838: Преобразование из "T" в "float" требует сужающего преобразования.
          with
          [
              T=unsigned int
          ]
F:\Other\Games\VS compilied\Barley-break\Barley-break\Main.cpp(223,113): warning C4244: инициализация: преобразование "T" в "float", возможна потеря данных
          with
          [
              T=unsigned int
          ]
F:\Other\Games\VS compilied\Barley-break\Barley-break\Main.cpp(224,27): warning C4018: <: несоответствие типов со знаком и без знака
F:\Other\Games\VS compilied\Barley-break\Barley-break\Main.cpp(225,31): warning C4018: <: несоответствие типов со знаком и без знака
F:\Other\Games\VS compilied\Barley-break\Barley-break\Main.cpp(227,80): warning C4244: аргумент: преобразование "double" в "T", возможна потеря данных
          with
          [
              T=float
          ]
F:\Other\Games\VS compilied\Barley-break\Barley-break\Main.cpp(227,56): warning C4244: аргумент: преобразование "double" в "T", возможна потеря данных
          with
          [
              T=float
          ]
F:\Other\Games\VS compilied\Barley-break\Barley-break\Main.cpp(229,193): warning C4244: аргумент: преобразование "double" в "T", возможна потеря данных
          with
          [
              T=int
          ]
F:\Other\Games\VS compilied\Barley-break\Barley-break\Main.cpp(229,144): warning C4244: аргумент: преобразование "double" в "T", возможна потеря данных
          with
          [
              T=int
          ]
F:\Other\Games\VS compilied\Barley-break\Barley-break\Main.cpp(229,112): warning C4244: аргумент: преобразование "double" в "T", возможна потеря данных
          with
          [
              T=int
          ]
F:\Other\Games\VS compilied\Barley-break\Barley-break\Main.cpp(229,80): warning C4244: аргумент: преобразование "double" в "T", возможна потеря данных
          with
          [
              T=int
          ]
F:\Other\Games\VS compilied\Barley-break\Barley-break\Main.cpp(241,35): warning C4018: <: несоответствие типов со знаком и без знака
F:\Other\Games\VS compilied\Barley-break\Barley-break\Main.cpp(242,39): warning C4018: <: несоответствие типов со знаком и без знака
F:\Other\Games\VS compilied\Barley-break\Barley-break\Main.cpp(245,80): warning C4838: Преобразование из "const T" в "int" требует сужающего преобразования.
          with
          [
              T=float
          ]
F:\Other\Games\VS compilied\Barley-break\Barley-break\Main.cpp(245,80): warning C4244: инициализация: преобразование "const T" в "int", возможна потеря данных
          with
          [
              T=float
          ]
F:\Other\Games\VS compilied\Barley-break\Barley-break\Main.cpp(245,118): warning C4838: Преобразование из "const T" в "int" требует сужающего преобразования.
          with
          [
              T=float
          ]
F:\Other\Games\VS compilied\Barley-break\Barley-break\Main.cpp(245,118): warning C4244: инициализация: преобразование "const T" в "int", возможна потеря данных
          with
          [
              T=float
          ]
F:\Other\Games\VS compilied\Barley-break\Barley-break\Main.cpp(259,26): warning C4018: <: несоответствие типов со знаком и без знака
F:\Other\Games\VS compilied\Barley-break\Barley-break\Main.cpp(260,30): warning C4018: <: несоответствие типов со знаком и без знака
F:\Other\Games\VS compilied\Barley-break\Barley-break\Main.cpp(278,27): warning C4018: <: несоответствие типов со знаком и без знака
F:\Other\Games\VS compilied\Barley-break\Barley-break\Main.cpp(279,31): warning C4018: <: несоответствие типов со знаком и без знака
F:\Other\Games\VS compilied\Barley-break\Barley-break\Main.cpp(373,53): warning C4018: <: несоответствие типов со знаком и без знака
F:\Other\Games\VS compilied\Barley-break\Barley-break\Main.cpp(383,53): warning C4018: <: несоответствие типов со знаком и без знака
F:\Other\Games\VS compilied\Barley-break\Barley-break\Main.cpp(476,15): warning C4244: инициализация: преобразование "double" в "int", возможна потеря данных
F:\Other\Games\VS compilied\Barley-break\Barley-break\Main.cpp(491,49): warning C4018: <: несоответствие типов со знаком и без знака
F:\Other\Games\VS compilied\Barley-break\Barley-break\Main.cpp(506,61): warning C4018: <: несоответствие типов со знаком и без знака
F:\Other\Games\VS compilied\Barley-break\Barley-break\Main.cpp(600,20): warning C4244: аргумент: преобразование "time_t" в "unsigned int", возможна потеря данных
F:\Other\Games\VS compilied\Barley-break\Barley-break\Main.cpp(649,53): warning C4244: аргумент: преобразование "T" в "float", возможна потеря данных
          with
          [
              T=unsigned int
          ]
F:\Other\Games\VS compilied\Barley-break\Barley-break\Main.cpp(665,78): warning C4244: аргумент: преобразование "int" в "float", возможна потеря данных
F:\Other\Games\VS compilied\Barley-break\Barley-break\Main.cpp(709,78): warning C4244: аргумент: преобразование "T" в "float", возможна потеря данных
          with
          [
              T=unsigned int
          ]
F:\Other\Games\VS compilied\Barley-break\Barley-break\Main.cpp(709,49): warning C4244: аргумент: преобразование "T" в "float", возможна потеря данных
          with
          [
              T=unsigned int
          ]
F:\Other\Games\VS compilied\Barley-break\Barley-break\Main.cpp(713,57): warning C4244: аргумент: преобразование "T" в "float", возможна потеря данных
          with
          [
              T=unsigned int
          ]
F:\Other\Games\VS compilied\Barley-break\Barley-break\Main.cpp(770,60): warning C4244: аргумент: преобразование "T" в "float", возможна потеря данных
          with
          [
              T=unsigned int
          ]
F:\Other\Games\VS compilied\Barley-break\Barley-break\Main.cpp(862,73): warning C4244: аргумент: преобразование "T" в "float", возможна потеря данных
          with
          [
              T=unsigned int
          ]
F:\Other\Games\VS compilied\Barley-break\Barley-break\Main.cpp(947,47): warning C4018: <: несоответствие типов со знаком и без знака
F:\Other\Games\VS compilied\Barley-break\Barley-break\Main.cpp(960,74): warning C4244: аргумент: преобразование "T" в "float", возможна потеря данных
          with
          [
              T=unsigned int
          ]
F:\Other\Games\VS compilied\Barley-break\Barley-break\Main.cpp(963,35): warning C4018: <: несоответствие типов со знаком и без знака
F:\Other\Games\VS compilied\Barley-break\Barley-break\Main.cpp(966,69): warning C4244: аргумент: преобразование "T" в "float", возможна потеря данных
          with
          [
              T=unsigned int
          ]
F:\Other\Games\VS compilied\Barley-break\Barley-break\Main.cpp(1056,73): warning C4244: аргумент: преобразование "T" в "float", возможна потеря данных
          with
          [
              T=unsigned int
          ]
F:\Other\Games\VS compilied\Barley-break\Barley-break\Main.cpp(1198,49): warning C4018: <: несоответствие типов со знаком и без знака
F:\Other\Games\VS compilied\Barley-break\Barley-break\Main.cpp(1227,87): warning C4244: аргумент: преобразование "T" в "T", возможна потеря данных
          with
          [
              T=unsigned int
          ]
          and
          [
              T=float
          ]
F:\Other\Games\VS compilied\Barley-break\Barley-break\Main.cpp(1227,64): warning C4244: аргумент: преобразование "T" в "T", возможна потеря данных
          with
          [
              T=unsigned int
          ]
          and
          [
              T=float
          ]
F:\Other\Games\VS compilied\Barley-break\Barley-break\Main.cpp(1228,60): warning C4244: аргумент: преобразование "T" в "float", возможна потеря данных
          with
          [
              T=unsigned int
          ]
F:\Other\Games\VS compilied\Barley-break\Barley-break\Main.cpp(1237,63): warning C4244: аргумент: преобразование "T" в "float", возможна потеря данных
          with
          [
              T=unsigned int
          ]
F:\Other\Games\VS compilied\Barley-break\Barley-break\Main.cpp(1238,60): warning C4244: аргумент: преобразование "T" в "float", возможна потеря данных
          with
          [
              T=unsigned int
          ]
F:\Other\Games\VS compilied\Barley-break\Barley-break\Main.cpp(1240,61): warning C4244: аргумент: преобразование "T" в "float", возможна потеря данных
          with
          [
              T=unsigned int
          ]
F:\Other\Games\VS compilied\Barley-break\Barley-break\Main.cpp(1325,47): warning C4018: <: несоответствие типов со знаком и без знака
F:\Other\Games\VS compilied\Barley-break\Barley-break\Main.cpp(1326,51): warning C4018: <: несоответствие типов со знаком и без знака
F:\Other\Games\VS compilied\Barley-break\Barley-break\Main.cpp(1342,82): warning C4244: аргумент: преобразование "float" в "int", возможна потеря данных
F:\Other\Games\VS compilied\Barley-break\Barley-break\Main.cpp(1347,82): warning C4244: аргумент: преобразование "float" в "int", возможна потеря данных
F:\Other\Games\VS compilied\Barley-break\Barley-break\Main.cpp(1403,35): warning C4018: <: несоответствие типов со знаком и без знака
F:\Other\Games\VS compilied\Barley-break\Barley-break\Main.cpp(1404,39): warning C4018: <: несоответствие типов со знаком и без знака
  Barley-break.vcxproj -> F:\Other\Games\VS compilied\Barley-break\Debug\Barley-break.exe
